[2024-10-09 10:21:50,034] multiqc                                            [DEBUG  ]  This is MultiQC v1.13
[2024-10-09 10:21:50,036] multiqc                                            [DEBUG  ]  Command used: /apps/z_install_tree/linux-rocky8-ivybridge/gcc-12.2.0/multiqc-1.13-4j4r3hnkpa3n74z4rg4nxit4v2rri5c5/bin/multiqc -dd 3 -o multiqc/ .
[2024-10-09 10:21:51,488] multiqc                                            [WARNING]  MultiQC Version v1.25.1 now available!
[2024-10-09 10:21:51,488] multiqc                                            [DEBUG  ]  Working dir : /srv/scratch/vafaeelab/forrest/HamptonAZA
[2024-10-09 10:21:51,488] multiqc                                            [DEBUG  ]  Template    : default
[2024-10-09 10:21:51,488] multiqc                                            [DEBUG  ]  Running Python 3.10.8 (main, Dec  5 2022, 10:38:26) [GCC 12.2.0]
[2024-10-09 10:21:51,488] multiqc                                            [DEBUG  ]  Analysing modules: custom_content, ccs, ngsderive, purple, conpair, lima, peddy, somalier, methylQA, mosdepth, phantompeakqualtools, qualimap, preseq, quast, qorts, rna_seqc, rockhopper, rsem, rseqc, busco, bustools, goleft_indexcov, gffcompare, disambiguate, supernova, deeptools, sargasso, verifybamid, mirtrace, happy, mirtop, sambamba, homer, hops, macs2, theta2, snpeff, gatk, htseq, bcftools, featureCounts, fgbio, dragen, dedup, pbmarkdup, damageprofiler, biobambam2, jcvi, mtnucratio, picard, vep, sentieon, prokka, qc3C, nanostat, samblaster, samtools, sexdeterrmine, eigenstratdatabasetools, bamtools, jellyfish, vcftools, longranger, stacks, varscan2, snippy, bbmap, bismark, biscuit, hicexplorer, hicup, hicpro, salmon, kallisto, slamdunk, star, hisat2, tophat, bowtie2, bowtie1, snpsplit, odgi, pangolin, kat, leehom, adapterRemoval, clipandmerge, cutadapt, flexbar, kaiju, kraken, malt, trimmomatic, sickle, skewer, sortmerna, biobloomtools, fastq_screen, afterqc, fastp, fastqc, pychopper, pycoqc, minionqc, multivcfanalyzer, clusterflow, checkqc, bcl2fastq, bclconvert, interop, ivar, flash, seqyclean, optitype, whatshap
[2024-10-09 10:21:51,489] multiqc                                            [DEBUG  ]  Using temporary directory for creating report: /scratch/pbs.5796793.kman.restech.unsw.edu.au/tmpgu4g5g9z
[2024-10-09 10:21:52,195] multiqc                                            [INFO   ]  Search path : /srv/scratch/vafaeelab/forrest/HamptonAZA
[2024-10-09 10:27:12,309] multiqc                                            [DEBUG  ]  Summary of files that were skipped by the search: [skipped_module_specific_max_filesize: 25446] // [skipped_no_match: 6448] // [skipped_file_contents_search_errors: 4709] // [skipped_ignore_pattern: 2167] // [skipped_filesize_limit: 51] // [skipped_not_a_file: 25] // [skipped_directory_fn_ignore_dirs: 2]
[2024-10-09 10:27:16,219] multiqc.plots.bargraph                             [DEBUG  ]  Using matplotlib version 3.6.2
[2024-10-09 10:27:16,235] multiqc.plots.linegraph                            [DEBUG  ]  Using matplotlib version 3.6.2
[2024-10-09 10:27:16,275] multiqc                                            [DEBUG  ]  No samples found: custom_content
[2024-10-09 10:27:16,323] multiqc.modules.featureCounts.feature_counts       [INFO   ]  Found 1 reports
[2024-10-09 10:27:16,721] multiqc                                            [DEBUG  ]  No samples found: picard
[2024-10-09 10:29:18,257] multiqc.modules.fastqc.fastqc                      [INFO   ]  Found 1712 reports
[2024-10-09 10:30:36,238] multiqc.plots.table                                [DEBUG  ]  Plotting beeswarm instead of table, 1713 samples
[2024-10-09 10:30:36,244] multiqc                                            [INFO   ]  Compressing plot data
[2024-10-09 10:30:37,029] multiqc                                            [INFO   ]  Report      : multiqc/multiqc_report.html
[2024-10-09 10:30:37,029] multiqc                                            [INFO   ]  Data        : multiqc/multiqc_data
[2024-10-09 10:30:37,029] multiqc                                            [DEBUG  ]  Moving data file from '/scratch/pbs.5796793.kman.restech.unsw.edu.au/tmpgu4g5g9z/multiqc_data' to 'multiqc/multiqc_data'
[2024-10-09 10:30:37,867] multiqc                                            [INFO   ]  MultiQC complete
[2024-10-09 10:30:37,867] multiqc                                            [WARNING]  9 flat-image plots used in the report due to large sample numbers
